2026-03-03T00:03:45.733+05:30  INFO 19792 --- [sb_employee_app1] [restartedMain] com.pranav.SbEmployeeApp1Application     : Starting SbEmployeeApp1Application using Java 22.0.1 with PID 19792 (D:\Pratiti_internship\Spring\sb_employee_app1\target\classes started by HP in D:\Pratiti_internship\Spring\sb_employee_app1)
2026-03-03T00:03:45.770+05:30 DEBUG 19792 --- [sb_employee_app1] [restartedMain] com.pranav.SbEmployeeApp1Application     : Running with Spring Boot v4.0.3, Spring v7.0.5
2026-03-03T00:03:45.770+05:30  INFO 19792 --- [sb_employee_app1] [restartedMain] com.pranav.SbEmployeeApp1Application     : No active profile set, falling back to 1 default profile: "default"
2026-03-03T00:03:46.993+05:30  INFO 19792 --- [sb_employee_app1] [restartedMain] com.pranav.SbEmployeeApp1Application     : Started SbEmployeeApp1Application in 1.327 seconds (process running for 25059.526)
2026-03-03T00:05:04.103+05:30  INFO 19792 --- [sb_employee_app1] [restartedMain] com.pranav.SbEmployeeApp1Application     : Starting SbEmployeeApp1Application using Java 22.0.1 with PID 19792 (D:\Pratiti_internship\Spring\sb_employee_app1\target\classes started by HP in D:\Pratiti_internship\Spring\sb_employee_app1)
2026-03-03T00:05:04.104+05:30 DEBUG 19792 --- [sb_employee_app1] [restartedMain] com.pranav.SbEmployeeApp1Application     : Running with Spring Boot v4.0.3, Spring v7.0.5
2026-03-03T00:05:04.104+05:30  INFO 19792 --- [sb_employee_app1] [restartedMain] com.pranav.SbEmployeeApp1Application     : No active profile set, falling back to 1 default profile: "default"
2026-03-03T00:05:04.728+05:30  INFO 19792 --- [sb_employee_app1] [restartedMain] com.pranav.SbEmployeeApp1Application     : Started SbEmployeeApp1Application in 0.656 seconds (process running for 25137.26)
2026-03-03T00:05:48.031+05:30  INFO 19792 --- [sb_employee_app1] [restartedMain] com.pranav.SbEmployeeApp1Application     : Starting SbEmployeeApp1Application using Java 22.0.1 with PID 19792 (D:\Pratiti_internship\Spring\sb_employee_app1\target\classes started by HP in D:\Pratiti_internship\Spring\sb_employee_app1)
2026-03-03T00:05:48.031+05:30 DEBUG 19792 --- [sb_employee_app1] [restartedMain] com.pranav.SbEmployeeApp1Application     : Running with Spring Boot v4.0.3, Spring v7.0.5
2026-03-03T00:05:48.031+05:30  INFO 19792 --- [sb_employee_app1] [restartedMain] com.pranav.SbEmployeeApp1Application     : No active profile set, falling back to 1 default profile: "default"
2026-03-03T00:05:48.640+05:30  INFO 19792 --- [sb_employee_app1] [restartedMain] com.pranav.SbEmployeeApp1Application     : Started SbEmployeeApp1Application in 0.626 seconds (process running for 25181.17)
2026-03-03T00:06:58.645+05:30  INFO 19792 --- [sb_employee_app1] [restartedMain] com.pranav.SbEmployeeApp1Application     : Starting SbEmployeeApp1Application using Java 22.0.1 with PID 19792 (D:\Pratiti_internship\Spring\sb_employee_app1\target\classes started by HP in D:\Pratiti_internship\Spring\sb_employee_app1)
2026-03-03T00:06:58.645+05:30 DEBUG 19792 --- [sb_employee_app1] [restartedMain] com.pranav.SbEmployeeApp1Application     : Running with Spring Boot v4.0.3, Spring v7.0.5
2026-03-03T00:06:58.645+05:30  INFO 19792 --- [sb_employee_app1] [restartedMain] com.pranav.SbEmployeeApp1Application     : No active profile set, falling back to 1 default profile: "default"
2026-03-03T00:06:59.470+05:30  INFO 19792 --- [sb_employee_app1] [restartedMain] com.pranav.SbEmployeeApp1Application     : Started SbEmployeeApp1Application in 0.851 seconds (process running for 25252.0)
2026-03-03T00:09:26.635+05:30  INFO 19792 --- [sb_employee_app1] [restartedMain] com.pranav.SbEmployeeApp1Application     : Starting SbEmployeeApp1Application using Java 22.0.1 with PID 19792 (D:\Pratiti_internship\Spring\sb_employee_app1\target\classes started by HP in D:\Pratiti_internship\Spring\sb_employee_app1)
2026-03-03T00:09:26.635+05:30 DEBUG 19792 --- [sb_employee_app1] [restartedMain] com.pranav.SbEmployeeApp1Application     : Running with Spring Boot v4.0.3, Spring v7.0.5
2026-03-03T00:09:26.635+05:30  INFO 19792 --- [sb_employee_app1] [restartedMain] com.pranav.SbEmployeeApp1Application     : No active profile set, falling back to 1 default profile: "default"
2026-03-03T00:09:27.187+05:30  INFO 19792 --- [sb_employee_app1] [restartedMain] com.pranav.SbEmployeeApp1Application     : Started SbEmployeeApp1Application in 0.575 seconds (process running for 25399.712)
2026-03-03T00:10:02.312+05:30  INFO 19792 --- [sb_employee_app1] [restartedMain] com.pranav.SbEmployeeApp1Application     : Starting SbEmployeeApp1Application using Java 22.0.1 with PID 19792 (D:\Pratiti_internship\Spring\sb_employee_app1\target\classes started by HP in D:\Pratiti_internship\Spring\sb_employee_app1)
2026-03-03T00:10:02.313+05:30 DEBUG 19792 --- [sb_employee_app1] [restartedMain] com.pranav.SbEmployeeApp1Application     : Running with Spring Boot v4.0.3, Spring v7.0.5
2026-03-03T00:10:02.313+05:30  INFO 19792 --- [sb_employee_app1] [restartedMain] com.pranav.SbEmployeeApp1Application     : No active profile set, falling back to 1 default profile: "default"
2026-03-03T00:10:02.974+05:30  INFO 19792 --- [sb_employee_app1] [restartedMain] com.pranav.SbEmployeeApp1Application     : Started SbEmployeeApp1Application in 0.679 seconds (process running for 25435.499)
2026-03-03T00:10:17.879+05:30 ERROR 19792 --- [sb_employee_app1] [http-nio-1222-exec-2] com.pranav.rest.api.EmployeeApi          : Employees Not Found
2026-03-03T00:11:18.788+05:30  INFO 19792 --- [sb_employee_app1] [restartedMain] com.pranav.SbEmployeeApp1Application     : Starting SbEmployeeApp1Application using Java 22.0.1 with PID 19792 (D:\Pratiti_internship\Spring\sb_employee_app1\target\classes started by HP in D:\Pratiti_internship\Spring\sb_employee_app1)
2026-03-03T00:11:18.790+05:30 DEBUG 19792 --- [sb_employee_app1] [restartedMain] com.pranav.SbEmployeeApp1Application     : Running with Spring Boot v4.0.3, Spring v7.0.5
2026-03-03T00:11:18.790+05:30  INFO 19792 --- [sb_employee_app1] [restartedMain] com.pranav.SbEmployeeApp1Application     : No active profile set, falling back to 1 default profile: "default"
2026-03-03T00:11:19.237+05:30  INFO 19792 --- [sb_employee_app1] [restartedMain] com.pranav.SbEmployeeApp1Application     : Started SbEmployeeApp1Application in 0.467 seconds (process running for 25511.76)
2026-03-03T00:19:04.895+05:30  INFO 19792 --- [sb_employee_app1] [restartedMain] com.pranav.SbEmployeeApp1Application     : Starting SbEmployeeApp1Application using Java 22.0.1 with PID 19792 (D:\Pratiti_internship\Spring\sb_employee_app1\target\classes started by HP in D:\Pratiti_internship\Spring\sb_employee_app1)
2026-03-03T00:19:04.896+05:30 DEBUG 19792 --- [sb_employee_app1] [restartedMain] com.pranav.SbEmployeeApp1Application     : Running with Spring Boot v4.0.3, Spring v7.0.5
2026-03-03T00:19:04.896+05:30  INFO 19792 --- [sb_employee_app1] [restartedMain] com.pranav.SbEmployeeApp1Application     : No active profile set, falling back to 1 default profile: "default"
2026-03-03T00:19:05.391+05:30  INFO 19792 --- [sb_employee_app1] [restartedMain] com.pranav.SbEmployeeApp1Application     : Started SbEmployeeApp1Application in 0.531 seconds (process running for 25977.904)
2026-03-03T00:23:26.480+05:30  INFO 19792 --- [sb_employee_app1] [restartedMain] com.pranav.SbEmployeeApp1Application     : Starting SbEmployeeApp1Application using Java 22.0.1 with PID 19792 (D:\Pratiti_internship\Spring\sb_employee_app1\target\classes started by HP in D:\Pratiti_internship\Spring\sb_employee_app1)
2026-03-03T00:23:26.482+05:30 DEBUG 19792 --- [sb_employee_app1] [restartedMain] com.pranav.SbEmployeeApp1Application     : Running with Spring Boot v4.0.3, Spring v7.0.5
2026-03-03T00:23:26.482+05:30  INFO 19792 --- [sb_employee_app1] [restartedMain] com.pranav.SbEmployeeApp1Application     : No active profile set, falling back to 1 default profile: "default"
2026-03-03T00:23:27.172+05:30  INFO 19792 --- [sb_employee_app1] [restartedMain] com.pranav.SbEmployeeApp1Application     : Started SbEmployeeApp1Application in 0.789 seconds (process running for 26239.68)
2026-03-03T00:23:37.480+05:30 ERROR 19792 --- [sb_employee_app1] [http-nio-1222-exec-2] com.pranav.rest.api.EmployeeApi          : Employees Not Found
2026-03-03T00:26:11.195+05:30  INFO 19792 --- [sb_employee_app1] [restartedMain] com.pranav.SbEmployeeApp1Application     : Starting SbEmployeeApp1Application using Java 22.0.1 with PID 19792 (D:\Pratiti_internship\Spring\sb_employee_app1\target\classes started by HP in D:\Pratiti_internship\Spring\sb_employee_app1)
2026-03-03T00:26:11.196+05:30 DEBUG 19792 --- [sb_employee_app1] [restartedMain] com.pranav.SbEmployeeApp1Application     : Running with Spring Boot v4.0.3, Spring v7.0.5
2026-03-03T00:26:11.196+05:30  INFO 19792 --- [sb_employee_app1] [restartedMain] com.pranav.SbEmployeeApp1Application     : No active profile set, falling back to 1 default profile: "default"
2026-03-03T00:26:12.322+05:30  INFO 19792 --- [sb_employee_app1] [restartedMain] com.pranav.SbEmployeeApp1Application     : Started SbEmployeeApp1Application in 1.173 seconds (process running for 26404.834)
2026-03-03T00:27:06.052+05:30  INFO 19792 --- [sb_employee_app1] [restartedMain] com.pranav.SbEmployeeApp1Application     : Starting SbEmployeeApp1Application using Java 22.0.1 with PID 19792 (D:\Pratiti_internship\Spring\sb_employee_app1\target\classes started by HP in D:\Pratiti_internship\Spring\sb_employee_app1)
2026-03-03T00:27:06.053+05:30 DEBUG 19792 --- [sb_employee_app1] [restartedMain] com.pranav.SbEmployeeApp1Application     : Running with Spring Boot v4.0.3, Spring v7.0.5
2026-03-03T00:27:06.054+05:30  INFO 19792 --- [sb_employee_app1] [restartedMain] com.pranav.SbEmployeeApp1Application     : No active profile set, falling back to 1 default profile: "default"
2026-03-03T00:27:07.148+05:30  INFO 19792 --- [sb_employee_app1] [restartedMain] com.pranav.SbEmployeeApp1Application     : Started SbEmployeeApp1Application in 1.149 seconds (process running for 26459.655)
2026-03-03T00:27:25.997+05:30  INFO 19792 --- [sb_employee_app1] [restartedMain] com.pranav.SbEmployeeApp1Application     : Starting SbEmployeeApp1Application using Java 22.0.1 with PID 19792 (D:\Pratiti_internship\Spring\sb_employee_app1\target\classes started by HP in D:\Pratiti_internship\Spring\sb_employee_app1)
2026-03-03T00:27:25.997+05:30 DEBUG 19792 --- [sb_employee_app1] [restartedMain] com.pranav.SbEmployeeApp1Application     : Running with Spring Boot v4.0.3, Spring v7.0.5
2026-03-03T00:27:25.997+05:30  INFO 19792 --- [sb_employee_app1] [restartedMain] com.pranav.SbEmployeeApp1Application     : No active profile set, falling back to 1 default profile: "default"
2026-03-03T00:27:26.819+05:30  INFO 19792 --- [sb_employee_app1] [restartedMain] com.pranav.SbEmployeeApp1Application     : Started SbEmployeeApp1Application in 0.846 seconds (process running for 26479.323)
2026-03-03T08:35:09.499+05:30  INFO 19792 --- [sb_employee_app1] [restartedMain] com.pranav.SbEmployeeApp1Application     : Starting SbEmployeeApp1Application using Java 22.0.1 with PID 19792 (D:\Pratiti_internship\Spring\sb_employee_app1\target\classes started by HP in D:\Pratiti_internship\Spring\sb_employee_app1)
2026-03-03T08:35:09.500+05:30 DEBUG 19792 --- [sb_employee_app1] [restartedMain] com.pranav.SbEmployeeApp1Application     : Running with Spring Boot v4.0.3, Spring v7.0.5
2026-03-03T08:35:09.500+05:30  INFO 19792 --- [sb_employee_app1] [restartedMain] com.pranav.SbEmployeeApp1Application     : No active profile set, falling back to 1 default profile: "default"
2026-03-03T08:35:10.804+05:30  INFO 19792 --- [sb_employee_app1] [restartedMain] com.pranav.SbEmployeeApp1Application     : Started SbEmployeeApp1Application in 1.623 seconds (process running for 55747.452)
2026-03-03T08:35:19.407+05:30  INFO 19792 --- [sb_employee_app1] [restartedMain] com.pranav.SbEmployeeApp1Application     : Starting SbEmployeeApp1Application using Java 22.0.1 with PID 19792 (D:\Pratiti_internship\Spring\sb_employee_app1\target\classes started by HP in D:\Pratiti_internship\Spring\sb_employee_app1)
2026-03-03T08:35:19.407+05:30 DEBUG 19792 --- [sb_employee_app1] [restartedMain] com.pranav.SbEmployeeApp1Application     : Running with Spring Boot v4.0.3, Spring v7.0.5
2026-03-03T08:35:19.408+05:30  INFO 19792 --- [sb_employee_app1] [restartedMain] com.pranav.SbEmployeeApp1Application     : No active profile set, falling back to 1 default profile: "default"
2026-03-03T08:35:19.867+05:30  INFO 19792 --- [sb_employee_app1] [restartedMain] com.pranav.SbEmployeeApp1Application     : Started SbEmployeeApp1Application in 0.477 seconds (process running for 55756.515)
2026-03-03T08:35:34.715+05:30  INFO 19792 --- [sb_employee_app1] [restartedMain] com.pranav.SbEmployeeApp1Application     : Starting SbEmployeeApp1Application using Java 22.0.1 with PID 19792 (D:\Pratiti_internship\Spring\sb_employee_app1\target\classes started by HP in D:\Pratiti_internship\Spring\sb_employee_app1)
2026-03-03T08:35:34.716+05:30 DEBUG 19792 --- [sb_employee_app1] [restartedMain] com.pranav.SbEmployeeApp1Application     : Running with Spring Boot v4.0.3, Spring v7.0.5
2026-03-03T08:35:34.716+05:30  INFO 19792 --- [sb_employee_app1] [restartedMain] com.pranav.SbEmployeeApp1Application     : No active profile set, falling back to 1 default profile: "default"
2026-03-03T08:35:35.365+05:30  INFO 19792 --- [sb_employee_app1] [restartedMain] com.pranav.SbEmployeeApp1Application     : Started SbEmployeeApp1Application in 0.668 seconds (process running for 55772.013)
2026-03-03T08:36:00.379+05:30  INFO 19792 --- [sb_employee_app1] [restartedMain] com.pranav.SbEmployeeApp1Application     : Starting SbEmployeeApp1Application using Java 22.0.1 with PID 19792 (D:\Pratiti_internship\Spring\sb_employee_app1\target\classes started by HP in D:\Pratiti_internship\Spring\sb_employee_app1)
2026-03-03T08:36:00.379+05:30 DEBUG 19792 --- [sb_employee_app1] [restartedMain] com.pranav.SbEmployeeApp1Application     : Running with Spring Boot v4.0.3, Spring v7.0.5
2026-03-03T08:36:00.379+05:30  INFO 19792 --- [sb_employee_app1] [restartedMain] com.pranav.SbEmployeeApp1Application     : No active profile set, falling back to 1 default profile: "default"
2026-03-03T08:36:00.805+05:30  INFO 19792 --- [sb_employee_app1] [restartedMain] com.pranav.SbEmployeeApp1Application     : Started SbEmployeeApp1Application in 0.449 seconds (process running for 55797.452)
2026-03-03T08:37:14.671+05:30  INFO 19792 --- [sb_employee_app1] [restartedMain] com.pranav.SbEmployeeApp1Application     : Starting SbEmployeeApp1Application using Java 22.0.1 with PID 19792 (D:\Pratiti_internship\Spring\sb_employee_app1\target\classes started by HP in D:\Pratiti_internship\Spring\sb_employee_app1)
2026-03-03T08:37:14.671+05:30 DEBUG 19792 --- [sb_employee_app1] [restartedMain] com.pranav.SbEmployeeApp1Application     : Running with Spring Boot v4.0.3, Spring v7.0.5
2026-03-03T08:37:14.671+05:30  INFO 19792 --- [sb_employee_app1] [restartedMain] com.pranav.SbEmployeeApp1Application     : No active profile set, falling back to 1 default profile: "default"
2026-03-03T08:37:15.080+05:30  INFO 19792 --- [sb_employee_app1] [restartedMain] com.pranav.SbEmployeeApp1Application     : Started SbEmployeeApp1Application in 0.425 seconds (process running for 55871.727)
2026-03-03T08:39:34.281+05:30  INFO 19792 --- [sb_employee_app1] [restartedMain] com.pranav.SbEmployeeApp1Application     : Starting SbEmployeeApp1Application using Java 22.0.1 with PID 19792 (D:\Pratiti_internship\Spring\sb_employee_app1\target\classes started by HP in D:\Pratiti_internship\Spring\sb_employee_app1)
2026-03-03T08:39:34.281+05:30 DEBUG 19792 --- [sb_employee_app1] [restartedMain] com.pranav.SbEmployeeApp1Application     : Running with Spring Boot v4.0.3, Spring v7.0.5
2026-03-03T08:39:34.281+05:30  INFO 19792 --- [sb_employee_app1] [restartedMain] com.pranav.SbEmployeeApp1Application     : No active profile set, falling back to 1 default profile: "default"
2026-03-03T08:39:34.903+05:30  INFO 19792 --- [sb_employee_app1] [restartedMain] com.pranav.SbEmployeeApp1Application     : Started SbEmployeeApp1Application in 0.653 seconds (process running for 56011.55)
2026-03-03T08:39:40.503+05:30  INFO 19792 --- [sb_employee_app1] [restartedMain] com.pranav.SbEmployeeApp1Application     : Starting SbEmployeeApp1Application using Java 22.0.1 with PID 19792 (D:\Pratiti_internship\Spring\sb_employee_app1\target\classes started by HP in D:\Pratiti_internship\Spring\sb_employee_app1)
2026-03-03T08:39:40.503+05:30 DEBUG 19792 --- [sb_employee_app1] [restartedMain] com.pranav.SbEmployeeApp1Application     : Running with Spring Boot v4.0.3, Spring v7.0.5
2026-03-03T08:39:40.504+05:30  INFO 19792 --- [sb_employee_app1] [restartedMain] com.pranav.SbEmployeeApp1Application     : No active profile set, falling back to 1 default profile: "default"
2026-03-03T08:39:40.924+05:30  INFO 19792 --- [sb_employee_app1] [restartedMain] com.pranav.SbEmployeeApp1Application     : Started SbEmployeeApp1Application in 0.436 seconds (process running for 56017.572)
2026-03-03T08:43:33.731+05:30  INFO 19792 --- [sb_employee_app1] [restartedMain] com.pranav.SbEmployeeApp1Application     : Starting SbEmployeeApp1Application using Java 22.0.1 with PID 19792 (D:\Pratiti_internship\Spring\sb_employee_app1\target\classes started by HP in D:\Pratiti_internship\Spring\sb_employee_app1)
2026-03-03T08:43:33.731+05:30 DEBUG 19792 --- [sb_employee_app1] [restartedMain] com.pranav.SbEmployeeApp1Application     : Running with Spring Boot v4.0.3, Spring v7.0.5
2026-03-03T08:43:33.731+05:30  INFO 19792 --- [sb_employee_app1] [restartedMain] com.pranav.SbEmployeeApp1Application     : No active profile set, falling back to 1 default profile: "default"
2026-03-03T08:43:34.398+05:30  INFO 19792 --- [sb_employee_app1] [restartedMain] com.pranav.SbEmployeeApp1Application     : Started SbEmployeeApp1Application in 0.687 seconds (process running for 56251.044)
2026-03-03T08:54:15.838+05:30  INFO 19792 --- [sb_employee_app1] [restartedMain] com.pranav.SbEmployeeApp1Application     : Starting SbEmployeeApp1Application using Java 22.0.1 with PID 19792 (D:\Pratiti_internship\Spring\sb_employee_app1\target\classes started by HP in D:\Pratiti_internship\Spring\sb_employee_app1)
2026-03-03T08:54:15.838+05:30 DEBUG 19792 --- [sb_employee_app1] [restartedMain] com.pranav.SbEmployeeApp1Application     : Running with Spring Boot v4.0.3, Spring v7.0.5
2026-03-03T08:54:15.838+05:30  INFO 19792 --- [sb_employee_app1] [restartedMain] com.pranav.SbEmployeeApp1Application     : No active profile set, falling back to 1 default profile: "default"
2026-03-03T08:54:16.911+05:30  INFO 19792 --- [sb_employee_app1] [restartedMain] com.pranav.SbEmployeeApp1Application     : Started SbEmployeeApp1Application in 1.116 seconds (process running for 56893.531)
2026-03-03T08:56:57.423+05:30  INFO 19792 --- [sb_employee_app1] [restartedMain] com.pranav.SbEmployeeApp1Application     : Starting SbEmployeeApp1Application using Java 22.0.1 with PID 19792 (D:\Pratiti_internship\Spring\sb_employee_app1\target\classes started by HP in D:\Pratiti_internship\Spring\sb_employee_app1)
2026-03-03T08:56:57.423+05:30 DEBUG 19792 --- [sb_employee_app1] [restartedMain] com.pranav.SbEmployeeApp1Application     : Running with Spring Boot v4.0.3, Spring v7.0.5
2026-03-03T08:56:57.423+05:30  INFO 19792 --- [sb_employee_app1] [restartedMain] com.pranav.SbEmployeeApp1Application     : No active profile set, falling back to 1 default profile: "default"
2026-03-03T08:56:57.873+05:30  INFO 19792 --- [sb_employee_app1] [restartedMain] com.pranav.SbEmployeeApp1Application     : Started SbEmployeeApp1Application in 0.476 seconds (process running for 57054.487)
2026-03-03T08:57:23.816+05:30  INFO 19792 --- [sb_employee_app1] [restartedMain] com.pranav.SbEmployeeApp1Application     : Starting SbEmployeeApp1Application using Java 22.0.1 with PID 19792 (D:\Pratiti_internship\Spring\sb_employee_app1\target\classes started by HP in D:\Pratiti_internship\Spring\sb_employee_app1)
2026-03-03T08:57:23.816+05:30 DEBUG 19792 --- [sb_employee_app1] [restartedMain] com.pranav.SbEmployeeApp1Application     : Running with Spring Boot v4.0.3, Spring v7.0.5
2026-03-03T08:57:23.816+05:30  INFO 19792 --- [sb_employee_app1] [restartedMain] com.pranav.SbEmployeeApp1Application     : No active profile set, falling back to 1 default profile: "default"
2026-03-03T08:57:24.194+05:30  INFO 19792 --- [sb_employee_app1] [restartedMain] com.pranav.SbEmployeeApp1Application     : Started SbEmployeeApp1Application in 0.394 seconds (process running for 57080.807)
2026-03-03T08:57:31.872+05:30  INFO 19792 --- [sb_employee_app1] [restartedMain] com.pranav.SbEmployeeApp1Application     : Starting SbEmployeeApp1Application using Java 22.0.1 with PID 19792 (D:\Pratiti_internship\Spring\sb_employee_app1\target\classes started by HP in D:\Pratiti_internship\Spring\sb_employee_app1)
2026-03-03T08:57:31.872+05:30 DEBUG 19792 --- [sb_employee_app1] [restartedMain] com.pranav.SbEmployeeApp1Application     : Running with Spring Boot v4.0.3, Spring v7.0.5
2026-03-03T08:57:31.872+05:30  INFO 19792 --- [sb_employee_app1] [restartedMain] com.pranav.SbEmployeeApp1Application     : No active profile set, falling back to 1 default profile: "default"
2026-03-03T08:57:32.279+05:30  INFO 19792 --- [sb_employee_app1] [restartedMain] com.pranav.SbEmployeeApp1Application     : Started SbEmployeeApp1Application in 0.427 seconds (process running for 57088.892)
2026-03-03T09:03:04.869+05:30  INFO 19792 --- [sb_employee_app1] [restartedMain] com.pranav.SbEmployeeApp1Application     : Starting SbEmployeeApp1Application using Java 22.0.1 with PID 19792 (D:\Pratiti_internship\Spring\sb_employee_app1\target\classes started by HP in D:\Pratiti_internship\Spring\sb_employee_app1)
2026-03-03T09:03:04.869+05:30 DEBUG 19792 --- [sb_employee_app1] [restartedMain] com.pranav.SbEmployeeApp1Application     : Running with Spring Boot v4.0.3, Spring v7.0.5
2026-03-03T09:03:04.869+05:30  INFO 19792 --- [sb_employee_app1] [restartedMain] com.pranav.SbEmployeeApp1Application     : No active profile set, falling back to 1 default profile: "default"
2026-03-03T09:03:05.383+05:30  INFO 19792 --- [sb_employee_app1] [restartedMain] com.pranav.SbEmployeeApp1Application     : Started SbEmployeeApp1Application in 0.54 seconds (process running for 57421.985)
2026-03-03T09:03:12.066+05:30  INFO 19792 --- [sb_employee_app1] [restartedMain] com.pranav.SbEmployeeApp1Application     : Starting SbEmployeeApp1Application using Java 22.0.1 with PID 19792 (D:\Pratiti_internship\Spring\sb_employee_app1\target\classes started by HP in D:\Pratiti_internship\Spring\sb_employee_app1)
2026-03-03T09:03:12.066+05:30 DEBUG 19792 --- [sb_employee_app1] [restartedMain] com.pranav.SbEmployeeApp1Application     : Running with Spring Boot v4.0.3, Spring v7.0.5
2026-03-03T09:03:12.066+05:30  INFO 19792 --- [sb_employee_app1] [restartedMain] com.pranav.SbEmployeeApp1Application     : No active profile set, falling back to 1 default profile: "default"
2026-03-03T09:03:12.495+05:30  INFO 19792 --- [sb_employee_app1] [restartedMain] com.pranav.SbEmployeeApp1Application     : Started SbEmployeeApp1Application in 0.454 seconds (process running for 57429.097)
2026-03-03T09:05:27.302+05:30  INFO 19792 --- [sb_employee_app1] [restartedMain] com.pranav.SbEmployeeApp1Application     : Starting SbEmployeeApp1Application using Java 22.0.1 with PID 19792 (D:\Pratiti_internship\Spring\sb_employee_app1\target\classes started by HP in D:\Pratiti_internship\Spring\sb_employee_app1)
2026-03-03T09:05:27.302+05:30 DEBUG 19792 --- [sb_employee_app1] [restartedMain] com.pranav.SbEmployeeApp1Application     : Running with Spring Boot v4.0.3, Spring v7.0.5
2026-03-03T09:05:27.303+05:30  INFO 19792 --- [sb_employee_app1] [restartedMain] com.pranav.SbEmployeeApp1Application     : No active profile set, falling back to 1 default profile: "default"
2026-03-03T09:05:27.706+05:30  INFO 19792 --- [sb_employee_app1] [restartedMain] com.pranav.SbEmployeeApp1Application     : Started SbEmployeeApp1Application in 0.422 seconds (process running for 57564.304)
2026-03-03T09:06:07.144+05:30  INFO 19792 --- [sb_employee_app1] [restartedMain] com.pranav.SbEmployeeApp1Application     : Starting SbEmployeeApp1Application using Java 22.0.1 with PID 19792 (D:\Pratiti_internship\Spring\sb_employee_app1\target\classes started by HP in D:\Pratiti_internship\Spring\sb_employee_app1)
2026-03-03T09:06:07.145+05:30 DEBUG 19792 --- [sb_employee_app1] [restartedMain] com.pranav.SbEmployeeApp1Application     : Running with Spring Boot v4.0.3, Spring v7.0.5
2026-03-03T09:06:07.145+05:30  INFO 19792 --- [sb_employee_app1] [restartedMain] com.pranav.SbEmployeeApp1Application     : No active profile set, falling back to 1 default profile: "default"
2026-03-03T09:06:07.553+05:30  INFO 19792 --- [sb_employee_app1] [restartedMain] com.pranav.SbEmployeeApp1Application     : Started SbEmployeeApp1Application in 0.429 seconds (process running for 57604.15)
2026-03-03T09:06:33.708+05:30 ERROR 19792 --- [sb_employee_app1] [http-nio-1222-exec-1] com.pranav.rest.api.EmployeeApi          : NO employee Added
2026-03-03T09:07:21.711+05:30  INFO 19792 --- [sb_employee_app1] [restartedMain] com.pranav.SbEmployeeApp1Application     : Starting SbEmployeeApp1Application using Java 22.0.1 with PID 19792 (D:\Pratiti_internship\Spring\sb_employee_app1\target\classes started by HP in D:\Pratiti_internship\Spring\sb_employee_app1)
2026-03-03T09:07:21.711+05:30 DEBUG 19792 --- [sb_employee_app1] [restartedMain] com.pranav.SbEmployeeApp1Application     : Running with Spring Boot v4.0.3, Spring v7.0.5
2026-03-03T09:07:21.711+05:30  INFO 19792 --- [sb_employee_app1] [restartedMain] com.pranav.SbEmployeeApp1Application     : No active profile set, falling back to 1 default profile: "default"
2026-03-03T09:07:22.202+05:30  INFO 19792 --- [sb_employee_app1] [restartedMain] com.pranav.SbEmployeeApp1Application     : Started SbEmployeeApp1Application in 0.512 seconds (process running for 57678.796)
2026-03-03T09:10:55.769+05:30  INFO 19792 --- [sb_employee_app1] [restartedMain] com.pranav.SbEmployeeApp1Application     : Starting SbEmployeeApp1Application using Java 22.0.1 with PID 19792 (D:\Pratiti_internship\Spring\sb_employee_app1\target\classes started by HP in D:\Pratiti_internship\Spring\sb_employee_app1)
2026-03-03T09:10:55.770+05:30 DEBUG 19792 --- [sb_employee_app1] [restartedMain] com.pranav.SbEmployeeApp1Application     : Running with Spring Boot v4.0.3, Spring v7.0.5
2026-03-03T09:10:55.770+05:30  INFO 19792 --- [sb_employee_app1] [restartedMain] com.pranav.SbEmployeeApp1Application     : No active profile set, falling back to 1 default profile: "default"
2026-03-03T09:10:56.880+05:30  INFO 19792 --- [sb_employee_app1] [restartedMain] com.pranav.SbEmployeeApp1Application     : Started SbEmployeeApp1Application in 1.15 seconds (process running for 57893.468)
2026-03-03T09:13:37.109+05:30  INFO 19792 --- [sb_employee_app1] [restartedMain] com.pranav.SbEmployeeApp1Application     : Starting SbEmployeeApp1Application using Java 22.0.1 with PID 19792 (D:\Pratiti_internship\Spring\sb_employee_app1\target\classes started by HP in D:\Pratiti_internship\Spring\sb_employee_app1)
2026-03-03T09:13:37.110+05:30 DEBUG 19792 --- [sb_employee_app1] [restartedMain] com.pranav.SbEmployeeApp1Application     : Running with Spring Boot v4.0.3, Spring v7.0.5
2026-03-03T09:13:37.110+05:30  INFO 19792 --- [sb_employee_app1] [restartedMain] com.pranav.SbEmployeeApp1Application     : No active profile set, falling back to 1 default profile: "default"
2026-03-03T09:13:37.519+05:30  INFO 19792 --- [sb_employee_app1] [restartedMain] com.pranav.SbEmployeeApp1Application     : Started SbEmployeeApp1Application in 0.425 seconds (process running for 58054.103)
2026-03-03T09:16:22.814+05:30  INFO 19792 --- [sb_employee_app1] [restartedMain] com.pranav.SbEmployeeApp1Application     : Starting SbEmployeeApp1Application using Java 22.0.1 with PID 19792 (D:\Pratiti_internship\Spring\sb_employee_app1\target\classes started by HP in D:\Pratiti_internship\Spring\sb_employee_app1)
2026-03-03T09:16:22.814+05:30 DEBUG 19792 --- [sb_employee_app1] [restartedMain] com.pranav.SbEmployeeApp1Application     : Running with Spring Boot v4.0.3, Spring v7.0.5
2026-03-03T09:16:22.814+05:30  INFO 19792 --- [sb_employee_app1] [restartedMain] com.pranav.SbEmployeeApp1Application     : No active profile set, falling back to 1 default profile: "default"
2026-03-03T09:16:23.222+05:30  INFO 19792 --- [sb_employee_app1] [restartedMain] com.pranav.SbEmployeeApp1Application     : Started SbEmployeeApp1Application in 0.423 seconds (process running for 58219.802)
2026-03-03T09:16:56.433+05:30  INFO 19792 --- [sb_employee_app1] [restartedMain] com.pranav.SbEmployeeApp1Application     : Starting SbEmployeeApp1Application using Java 22.0.1 with PID 19792 (D:\Pratiti_internship\Spring\sb_employee_app1\target\classes started by HP in D:\Pratiti_internship\Spring\sb_employee_app1)
2026-03-03T09:16:56.433+05:30 DEBUG 19792 --- [sb_employee_app1] [restartedMain] com.pranav.SbEmployeeApp1Application     : Running with Spring Boot v4.0.3, Spring v7.0.5
2026-03-03T09:16:56.433+05:30  INFO 19792 --- [sb_employee_app1] [restartedMain] com.pranav.SbEmployeeApp1Application     : No active profile set, falling back to 1 default profile: "default"
2026-03-03T09:16:56.850+05:30  INFO 19792 --- [sb_employee_app1] [restartedMain] com.pranav.SbEmployeeApp1Application     : Started SbEmployeeApp1Application in 0.434 seconds (process running for 58253.428)
2026-03-03T09:17:24.932+05:30  INFO 19792 --- [sb_employee_app1] [restartedMain] com.pranav.SbEmployeeApp1Application     : Starting SbEmployeeApp1Application using Java 22.0.1 with PID 19792 (D:\Pratiti_internship\Spring\sb_employee_app1\target\classes started by HP in D:\Pratiti_internship\Spring\sb_employee_app1)
2026-03-03T09:17:24.932+05:30 DEBUG 19792 --- [sb_employee_app1] [restartedMain] com.pranav.SbEmployeeApp1Application     : Running with Spring Boot v4.0.3, Spring v7.0.5
2026-03-03T09:17:24.933+05:30  INFO 19792 --- [sb_employee_app1] [restartedMain] com.pranav.SbEmployeeApp1Application     : No active profile set, falling back to 1 default profile: "default"
2026-03-03T09:17:25.357+05:30  INFO 19792 --- [sb_employee_app1] [restartedMain] com.pranav.SbEmployeeApp1Application     : Started SbEmployeeApp1Application in 0.441 seconds (process running for 58281.934)
2026-03-03T09:20:12.869+05:30  INFO 19792 --- [sb_employee_app1] [restartedMain] com.pranav.SbEmployeeApp1Application     : Starting SbEmployeeApp1Application using Java 22.0.1 with PID 19792 (D:\Pratiti_internship\Spring\sb_employee_app1\target\classes started by HP in D:\Pratiti_internship\Spring\sb_employee_app1)
2026-03-03T09:20:12.870+05:30 DEBUG 19792 --- [sb_employee_app1] [restartedMain] com.pranav.SbEmployeeApp1Application     : Running with Spring Boot v4.0.3, Spring v7.0.5
2026-03-03T09:20:12.870+05:30  INFO 19792 --- [sb_employee_app1] [restartedMain] com.pranav.SbEmployeeApp1Application     : No active profile set, falling back to 1 default profile: "default"
2026-03-03T09:20:13.386+05:30  INFO 19792 --- [sb_employee_app1] [restartedMain] com.pranav.SbEmployeeApp1Application     : Started SbEmployeeApp1Application in 0.543 seconds (process running for 58449.96)
2026-03-03T09:20:22.097+05:30  INFO 19792 --- [sb_employee_app1] [restartedMain] com.pranav.SbEmployeeApp1Application     : Starting SbEmployeeApp1Application using Java 22.0.1 with PID 19792 (D:\Pratiti_internship\Spring\sb_employee_app1\target\classes started by HP in D:\Pratiti_internship\Spring\sb_employee_app1)
2026-03-03T09:20:22.097+05:30 DEBUG 19792 --- [sb_employee_app1] [restartedMain] com.pranav.SbEmployeeApp1Application     : Running with Spring Boot v4.0.3, Spring v7.0.5
2026-03-03T09:20:22.097+05:30  INFO 19792 --- [sb_employee_app1] [restartedMain] com.pranav.SbEmployeeApp1Application     : No active profile set, falling back to 1 default profile: "default"
2026-03-03T09:20:22.607+05:30  INFO 19792 --- [sb_employee_app1] [restartedMain] com.pranav.SbEmployeeApp1Application     : Started SbEmployeeApp1Application in 0.531 seconds (process running for 58459.182)
2026-03-03T09:21:28.924+05:30 ERROR 19792 --- [sb_employee_app1] [http-nio-1222-exec-2] com.pranav.rest.api.EmployeeApi          : Employees Not Found
2026-03-03T09:30:06.263+05:30  INFO 19792 --- [sb_employee_app1] [restartedMain] com.pranav.SbEmployeeApp1Application     : Starting SbEmployeeApp1Application using Java 22.0.1 with PID 19792 (D:\Pratiti_internship\Spring\sb_employee_app1\target\classes started by HP in D:\Pratiti_internship\Spring\sb_employee_app1)
2026-03-03T09:30:06.264+05:30 DEBUG 19792 --- [sb_employee_app1] [restartedMain] com.pranav.SbEmployeeApp1Application     : Running with Spring Boot v4.0.3, Spring v7.0.5
2026-03-03T09:30:06.264+05:30  INFO 19792 --- [sb_employee_app1] [restartedMain] com.pranav.SbEmployeeApp1Application     : No active profile set, falling back to 1 default profile: "default"
2026-03-03T09:30:07.236+05:30  INFO 19792 --- [sb_employee_app1] [restartedMain] com.pranav.SbEmployeeApp1Application     : Started SbEmployeeApp1Application in 1.164 seconds (process running for 59048.258)
2026-03-03T09:30:40.202+05:30  INFO 19792 --- [sb_employee_app1] [restartedMain] com.pranav.SbEmployeeApp1Application     : Starting SbEmployeeApp1Application using Java 22.0.1 with PID 19792 (D:\Pratiti_internship\Spring\sb_employee_app1\target\classes started by HP in D:\Pratiti_internship\Spring\sb_employee_app1)
2026-03-03T09:30:40.202+05:30 DEBUG 19792 --- [sb_employee_app1] [restartedMain] com.pranav.SbEmployeeApp1Application     : Running with Spring Boot v4.0.3, Spring v7.0.5
2026-03-03T09:30:40.202+05:30  INFO 19792 --- [sb_employee_app1] [restartedMain] com.pranav.SbEmployeeApp1Application     : No active profile set, falling back to 1 default profile: "default"
2026-03-03T09:30:40.527+05:30  INFO 19792 --- [sb_employee_app1] [restartedMain] com.pranav.SbEmployeeApp1Application     : Started SbEmployeeApp1Application in 0.339 seconds (process running for 59081.549)
2026-03-03T09:33:57.141+05:30  INFO 19792 --- [sb_employee_app1] [restartedMain] com.pranav.SbEmployeeApp1Application     : Starting SbEmployeeApp1Application using Java 22.0.1 with PID 19792 (D:\Pratiti_internship\Spring\sb_employee_app1\target\classes started by HP in D:\Pratiti_internship\Spring\sb_employee_app1)
2026-03-03T09:33:57.143+05:30 DEBUG 19792 --- [sb_employee_app1] [restartedMain] com.pranav.SbEmployeeApp1Application     : Running with Spring Boot v4.0.3, Spring v7.0.5
2026-03-03T09:33:57.143+05:30  INFO 19792 --- [sb_employee_app1] [restartedMain] com.pranav.SbEmployeeApp1Application     : No active profile set, falling back to 1 default profile: "default"
2026-03-03T09:33:57.613+05:30  INFO 19792 --- [sb_employee_app1] [restartedMain] com.pranav.SbEmployeeApp1Application     : Started SbEmployeeApp1Application in 0.489 seconds (process running for 59278.636)
2026-03-03T09:34:50.935+05:30  INFO 19792 --- [sb_employee_app1] [restartedMain] com.pranav.SbEmployeeApp1Application     : Starting SbEmployeeApp1Application using Java 22.0.1 with PID 19792 (D:\Pratiti_internship\Spring\sb_employee_app1\target\classes started by HP in D:\Pratiti_internship\Spring\sb_employee_app1)
2026-03-03T09:34:50.935+05:30 DEBUG 19792 --- [sb_employee_app1] [restartedMain] com.pranav.SbEmployeeApp1Application     : Running with Spring Boot v4.0.3, Spring v7.0.5
2026-03-03T09:34:50.936+05:30  INFO 19792 --- [sb_employee_app1] [restartedMain] com.pranav.SbEmployeeApp1Application     : No active profile set, falling back to 1 default profile: "default"
2026-03-03T09:34:51.244+05:30  INFO 19792 --- [sb_employee_app1] [restartedMain] com.pranav.SbEmployeeApp1Application     : Started SbEmployeeApp1Application in 0.322 seconds (process running for 59332.267)
2026-03-03T09:37:00.108+05:30  INFO 19792 --- [sb_employee_app1] [restartedMain] com.pranav.SbEmployeeApp1Application     : Starting SbEmployeeApp1Application using Java 22.0.1 with PID 19792 (D:\Pratiti_internship\Spring\sb_employee_app1\target\classes started by HP in D:\Pratiti_internship\Spring\sb_employee_app1)
2026-03-03T09:37:00.108+05:30 DEBUG 19792 --- [sb_employee_app1] [restartedMain] com.pranav.SbEmployeeApp1Application     : Running with Spring Boot v4.0.3, Spring v7.0.5
2026-03-03T09:37:00.108+05:30  INFO 19792 --- [sb_employee_app1] [restartedMain] com.pranav.SbEmployeeApp1Application     : No active profile set, falling back to 1 default profile: "default"
2026-03-03T09:37:00.424+05:30  INFO 19792 --- [sb_employee_app1] [restartedMain] com.pranav.SbEmployeeApp1Application     : Started SbEmployeeApp1Application in 0.33 seconds (process running for 59461.447)
2026-03-03T09:37:47.732+05:30  INFO 19792 --- [sb_employee_app1] [restartedMain] com.pranav.SbEmployeeApp1Application     : Starting SbEmployeeApp1Application using Java 22.0.1 with PID 19792 (D:\Pratiti_internship\Spring\sb_employee_app1\target\classes started by HP in D:\Pratiti_internship\Spring\sb_employee_app1)
2026-03-03T09:37:47.732+05:30 DEBUG 19792 --- [sb_employee_app1] [restartedMain] com.pranav.SbEmployeeApp1Application     : Running with Spring Boot v4.0.3, Spring v7.0.5
2026-03-03T09:37:47.732+05:30  INFO 19792 --- [sb_employee_app1] [restartedMain] com.pranav.SbEmployeeApp1Application     : No active profile set, falling back to 1 default profile: "default"
2026-03-03T09:37:48.034+05:30  INFO 19792 --- [sb_employee_app1] [restartedMain] com.pranav.SbEmployeeApp1Application     : Started SbEmployeeApp1Application in 0.314 seconds (process running for 59509.056)
2026-03-03T09:38:10.031+05:30  INFO 19792 --- [sb_employee_app1] [restartedMain] com.pranav.SbEmployeeApp1Application     : Starting SbEmployeeApp1Application using Java 22.0.1 with PID 19792 (D:\Pratiti_internship\Spring\sb_employee_app1\target\classes started by HP in D:\Pratiti_internship\Spring\sb_employee_app1)
2026-03-03T09:38:10.031+05:30 DEBUG 19792 --- [sb_employee_app1] [restartedMain] com.pranav.SbEmployeeApp1Application     : Running with Spring Boot v4.0.3, Spring v7.0.5
2026-03-03T09:38:10.031+05:30  INFO 19792 --- [sb_employee_app1] [restartedMain] com.pranav.SbEmployeeApp1Application     : No active profile set, falling back to 1 default profile: "default"
2026-03-03T09:38:10.327+05:30  INFO 19792 --- [sb_employee_app1] [restartedMain] com.pranav.SbEmployeeApp1Application     : Started SbEmployeeApp1Application in 0.31 seconds (process running for 59531.35)
2026-03-03T09:38:26.034+05:30  INFO 19792 --- [sb_employee_app1] [restartedMain] com.pranav.SbEmployeeApp1Application     : Starting SbEmployeeApp1Application using Java 22.0.1 with PID 19792 (D:\Pratiti_internship\Spring\sb_employee_app1\target\classes started by HP in D:\Pratiti_internship\Spring\sb_employee_app1)
2026-03-03T09:38:26.035+05:30 DEBUG 19792 --- [sb_employee_app1] [restartedMain] com.pranav.SbEmployeeApp1Application     : Running with Spring Boot v4.0.3, Spring v7.0.5
2026-03-03T09:38:26.035+05:30  INFO 19792 --- [sb_employee_app1] [restartedMain] com.pranav.SbEmployeeApp1Application     : No active profile set, falling back to 1 default profile: "default"
2026-03-03T09:38:26.325+05:30  INFO 19792 --- [sb_employee_app1] [restartedMain] com.pranav.SbEmployeeApp1Application     : Started SbEmployeeApp1Application in 0.302 seconds (process running for 59547.349)
2026-03-03T09:41:15.126+05:30  INFO 19792 --- [sb_employee_app1] [restartedMain] com.pranav.SbEmployeeApp1Application     : Starting SbEmployeeApp1Application using Java 22.0.1 with PID 19792 (D:\Pratiti_internship\Spring\sb_employee_app1\target\classes started by HP in D:\Pratiti_internship\Spring\sb_employee_app1)
2026-03-03T09:41:15.126+05:30 DEBUG 19792 --- [sb_employee_app1] [restartedMain] com.pranav.SbEmployeeApp1Application     : Running with Spring Boot v4.0.3, Spring v7.0.5
2026-03-03T09:41:15.126+05:30  INFO 19792 --- [sb_employee_app1] [restartedMain] com.pranav.SbEmployeeApp1Application     : No active profile set, falling back to 1 default profile: "default"
2026-03-03T09:41:15.536+05:30  INFO 19792 --- [sb_employee_app1] [restartedMain] com.pranav.SbEmployeeApp1Application     : Started SbEmployeeApp1Application in 0.427 seconds (process running for 59716.558)
2026-03-03T09:41:21.130+05:30 ERROR 19792 --- [sb_employee_app1] [http-nio-1222-exec-1] com.pranav.rest.api.EmployeeApi          : Employees Not Found
2026-03-03T09:41:37.627+05:30 ERROR 19792 --- [sb_employee_app1] [http-nio-1222-exec-2] com.pranav.rest.api.EmployeeApi          : Employees Not Found
2026-03-03T09:42:42.500+05:30  INFO 19792 --- [sb_employee_app1] [restartedMain] com.pranav.SbEmployeeApp1Application     : Starting SbEmployeeApp1Application using Java 22.0.1 with PID 19792 (D:\Pratiti_internship\Spring\sb_employee_app1\target\classes started by HP in D:\Pratiti_internship\Spring\sb_employee_app1)
2026-03-03T09:42:42.500+05:30 DEBUG 19792 --- [sb_employee_app1] [restartedMain] com.pranav.SbEmployeeApp1Application     : Running with Spring Boot v4.0.3, Spring v7.0.5
2026-03-03T09:42:42.500+05:30  INFO 19792 --- [sb_employee_app1] [restartedMain] com.pranav.SbEmployeeApp1Application     : No active profile set, falling back to 1 default profile: "default"
2026-03-03T09:42:42.926+05:30  INFO 19792 --- [sb_employee_app1] [restartedMain] com.pranav.SbEmployeeApp1Application     : Started SbEmployeeApp1Application in 0.438 seconds (process running for 59803.948)
2026-03-03T09:43:04.757+05:30  INFO 19792 --- [sb_employee_app1] [restartedMain] com.pranav.SbEmployeeApp1Application     : Starting SbEmployeeApp1Application using Java 22.0.1 with PID 19792 (D:\Pratiti_internship\Spring\sb_employee_app1\target\classes started by HP in D:\Pratiti_internship\Spring\sb_employee_app1)
2026-03-03T09:43:04.757+05:30 DEBUG 19792 --- [sb_employee_app1] [restartedMain] com.pranav.SbEmployeeApp1Application     : Running with Spring Boot v4.0.3, Spring v7.0.5
2026-03-03T09:43:04.757+05:30  INFO 19792 --- [sb_employee_app1] [restartedMain] com.pranav.SbEmployeeApp1Application     : No active profile set, falling back to 1 default profile: "default"
2026-03-03T09:43:05.071+05:30  INFO 19792 --- [sb_employee_app1] [restartedMain] com.pranav.SbEmployeeApp1Application     : Started SbEmployeeApp1Application in 0.326 seconds (process running for 59826.094)
2026-03-03T09:43:20.813+05:30  INFO 19792 --- [sb_employee_app1] [restartedMain] com.pranav.SbEmployeeApp1Application     : Starting SbEmployeeApp1Application using Java 22.0.1 with PID 19792 (D:\Pratiti_internship\Spring\sb_employee_app1\target\classes started by HP in D:\Pratiti_internship\Spring\sb_employee_app1)
2026-03-03T09:43:20.813+05:30 DEBUG 19792 --- [sb_employee_app1] [restartedMain] com.pranav.SbEmployeeApp1Application     : Running with Spring Boot v4.0.3, Spring v7.0.5
2026-03-03T09:43:20.813+05:30  INFO 19792 --- [sb_employee_app1] [restartedMain] com.pranav.SbEmployeeApp1Application     : No active profile set, falling back to 1 default profile: "default"
2026-03-03T09:44:38.672+05:30  INFO 19792 --- [sb_employee_app1] [restartedMain] com.pranav.SbEmployeeApp1Application     : Starting SbEmployeeApp1Application using Java 22.0.1 with PID 19792 (D:\Pratiti_internship\Spring\sb_employee_app1\target\classes started by HP in D:\Pratiti_internship\Spring\sb_employee_app1)
2026-03-03T09:44:38.672+05:30 DEBUG 19792 --- [sb_employee_app1] [restartedMain] com.pranav.SbEmployeeApp1Application     : Running with Spring Boot v4.0.3, Spring v7.0.5
2026-03-03T09:44:38.672+05:30  INFO 19792 --- [sb_employee_app1] [restartedMain] com.pranav.SbEmployeeApp1Application     : No active profile set, falling back to 1 default profile: "default"
2026-03-03T09:44:38.955+05:30  INFO 19792 --- [sb_employee_app1] [restartedMain] com.pranav.SbEmployeeApp1Application     : Started SbEmployeeApp1Application in 0.295 seconds (process running for 59919.978)
2026-03-03T09:46:25.102+05:30  INFO 19792 --- [sb_employee_app1] [restartedMain] com.pranav.SbEmployeeApp1Application     : Starting SbEmployeeApp1Application using Java 22.0.1 with PID 19792 (D:\Pratiti_internship\Spring\sb_employee_app1\target\classes started by HP in D:\Pratiti_internship\Spring\sb_employee_app1)
2026-03-03T09:46:25.102+05:30 DEBUG 19792 --- [sb_employee_app1] [restartedMain] com.pranav.SbEmployeeApp1Application     : Running with Spring Boot v4.0.3, Spring v7.0.5
2026-03-03T09:46:25.102+05:30  INFO 19792 --- [sb_employee_app1] [restartedMain] com.pranav.SbEmployeeApp1Application     : No active profile set, falling back to 1 default profile: "default"
2026-03-03T09:46:25.499+05:30  INFO 19792 --- [sb_employee_app1] [restartedMain] com.pranav.SbEmployeeApp1Application     : Started SbEmployeeApp1Application in 0.41 seconds (process running for 60026.522)
2026-03-03T09:46:51.382+05:30  INFO 19792 --- [sb_employee_app1] [restartedMain] com.pranav.SbEmployeeApp1Application     : Starting SbEmployeeApp1Application using Java 22.0.1 with PID 19792 (D:\Pratiti_internship\Spring\sb_employee_app1\target\classes started by HP in D:\Pratiti_internship\Spring\sb_employee_app1)
2026-03-03T09:46:51.382+05:30 DEBUG 19792 --- [sb_employee_app1] [restartedMain] com.pranav.SbEmployeeApp1Application     : Running with Spring Boot v4.0.3, Spring v7.0.5
2026-03-03T09:46:51.382+05:30  INFO 19792 --- [sb_employee_app1] [restartedMain] com.pranav.SbEmployeeApp1Application     : No active profile set, falling back to 1 default profile: "default"
2026-03-03T09:46:51.701+05:30  INFO 19792 --- [sb_employee_app1] [restartedMain] com.pranav.SbEmployeeApp1Application     : Started SbEmployeeApp1Application in 0.33 seconds (process running for 60052.724)
2026-03-03T09:51:29.748+05:30  INFO 19792 --- [sb_employee_app1] [restartedMain] com.pranav.SbEmployeeApp1Application     : Starting SbEmployeeApp1Application using Java 22.0.1 with PID 19792 (D:\Pratiti_internship\Spring\sb_employee_app1\target\classes started by HP in D:\Pratiti_internship\Spring\sb_employee_app1)
2026-03-03T09:51:29.748+05:30 DEBUG 19792 --- [sb_employee_app1] [restartedMain] com.pranav.SbEmployeeApp1Application     : Running with Spring Boot v4.0.3, Spring v7.0.5
2026-03-03T09:51:29.748+05:30  INFO 19792 --- [sb_employee_app1] [restartedMain] com.pranav.SbEmployeeApp1Application     : No active profile set, falling back to 1 default profile: "default"
2026-03-03T09:51:30.077+05:30  INFO 19792 --- [sb_employee_app1] [restartedMain] com.pranav.SbEmployeeApp1Application     : Started SbEmployeeApp1Application in 0.344 seconds (process running for 60331.1)
2026-03-03T09:52:20.309+05:30  INFO 19792 --- [sb_employee_app1] [restartedMain] com.pranav.SbEmployeeApp1Application     : Starting SbEmployeeApp1Application using Java 22.0.1 with PID 19792 (D:\Pratiti_internship\Spring\sb_employee_app1\target\classes started by HP in D:\Pratiti_internship\Spring\sb_employee_app1)
2026-03-03T09:52:20.309+05:30 DEBUG 19792 --- [sb_employee_app1] [restartedMain] com.pranav.SbEmployeeApp1Application     : Running with Spring Boot v4.0.3, Spring v7.0.5
2026-03-03T09:52:20.309+05:30  INFO 19792 --- [sb_employee_app1] [restartedMain] com.pranav.SbEmployeeApp1Application     : No active profile set, falling back to 1 default profile: "default"
2026-03-03T09:52:20.590+05:30  INFO 19792 --- [sb_employee_app1] [restartedMain] com.pranav.SbEmployeeApp1Application     : Started SbEmployeeApp1Application in 0.293 seconds (process running for 60381.613)
2026-03-03T09:53:20.014+05:30  INFO 19792 --- [sb_employee_app1] [restartedMain] com.pranav.SbEmployeeApp1Application     : Starting SbEmployeeApp1Application using Java 22.0.1 with PID 19792 (D:\Pratiti_internship\Spring\sb_employee_app1\target\classes started by HP in D:\Pratiti_internship\Spring\sb_employee_app1)
2026-03-03T09:53:20.014+05:30 DEBUG 19792 --- [sb_employee_app1] [restartedMain] com.pranav.SbEmployeeApp1Application     : Running with Spring Boot v4.0.3, Spring v7.0.5
2026-03-03T09:53:20.015+05:30  INFO 19792 --- [sb_employee_app1] [restartedMain] com.pranav.SbEmployeeApp1Application     : No active profile set, falling back to 1 default profile: "default"
2026-03-03T09:53:20.321+05:30  INFO 19792 --- [sb_employee_app1] [restartedMain] com.pranav.SbEmployeeApp1Application     : Started SbEmployeeApp1Application in 0.319 seconds (process running for 60441.344)
2026-03-03T09:53:23.919+05:30  INFO 19792 --- [sb_employee_app1] [restartedMain] com.pranav.SbEmployeeApp1Application     : Starting SbEmployeeApp1Application using Java 22.0.1 with PID 19792 (D:\Pratiti_internship\Spring\sb_employee_app1\target\classes started by HP in D:\Pratiti_internship\Spring\sb_employee_app1)
2026-03-03T09:53:23.919+05:30 DEBUG 19792 --- [sb_employee_app1] [restartedMain] com.pranav.SbEmployeeApp1Application     : Running with Spring Boot v4.0.3, Spring v7.0.5
2026-03-03T09:53:23.919+05:30  INFO 19792 --- [sb_employee_app1] [restartedMain] com.pranav.SbEmployeeApp1Application     : No active profile set, falling back to 1 default profile: "default"
2026-03-03T09:53:24.195+05:30  INFO 19792 --- [sb_employee_app1] [restartedMain] com.pranav.SbEmployeeApp1Application     : Started SbEmployeeApp1Application in 0.288 seconds (process running for 60445.218)
2026-03-03T09:53:29.825+05:30  INFO 19792 --- [sb_employee_app1] [restartedMain] com.pranav.SbEmployeeApp1Application     : Starting SbEmployeeApp1Application using Java 22.0.1 with PID 19792 (D:\Pratiti_internship\Spring\sb_employee_app1\target\classes started by HP in D:\Pratiti_internship\Spring\sb_employee_app1)
2026-03-03T09:53:29.825+05:30 DEBUG 19792 --- [sb_employee_app1] [restartedMain] com.pranav.SbEmployeeApp1Application     : Running with Spring Boot v4.0.3, Spring v7.0.5
2026-03-03T09:53:29.825+05:30  INFO 19792 --- [sb_employee_app1] [restartedMain] com.pranav.SbEmployeeApp1Application     : No active profile set, falling back to 1 default profile: "default"
2026-03-03T09:53:30.276+05:30  INFO 19792 --- [sb_employee_app1] [restartedMain] com.pranav.SbEmployeeApp1Application     : Started SbEmployeeApp1Application in 0.462 seconds (process running for 60451.299)
2026-03-03T09:53:59.211+05:30  INFO 19792 --- [sb_employee_app1] [restartedMain] com.pranav.SbEmployeeApp1Application     : Starting SbEmployeeApp1Application using Java 22.0.1 with PID 19792 (D:\Pratiti_internship\Spring\sb_employee_app1\target\classes started by HP in D:\Pratiti_internship\Spring\sb_employee_app1)
2026-03-03T09:53:59.211+05:30 DEBUG 19792 --- [sb_employee_app1] [restartedMain] com.pranav.SbEmployeeApp1Application     : Running with Spring Boot v4.0.3, Spring v7.0.5
2026-03-03T09:53:59.211+05:30  INFO 19792 --- [sb_employee_app1] [restartedMain] com.pranav.SbEmployeeApp1Application     : No active profile set, falling back to 1 default profile: "default"
2026-03-03T09:53:59.491+05:30  INFO 19792 --- [sb_employee_app1] [restartedMain] com.pranav.SbEmployeeApp1Application     : Started SbEmployeeApp1Application in 0.292 seconds (process running for 60480.513)
2026-03-03T09:54:19.334+05:30  INFO 19792 --- [sb_employee_app1] [restartedMain] com.pranav.SbEmployeeApp1Application     : Starting SbEmployeeApp1Application using Java 22.0.1 with PID 19792 (D:\Pratiti_internship\Spring\sb_employee_app1\target\classes started by HP in D:\Pratiti_internship\Spring\sb_employee_app1)
2026-03-03T09:54:19.335+05:30 DEBUG 19792 --- [sb_employee_app1] [restartedMain] com.pranav.SbEmployeeApp1Application     : Running with Spring Boot v4.0.3, Spring v7.0.5
2026-03-03T09:54:19.335+05:30  INFO 19792 --- [sb_employee_app1] [restartedMain] com.pranav.SbEmployeeApp1Application     : No active profile set, falling back to 1 default profile: "default"
2026-03-03T09:54:19.612+05:30  INFO 19792 --- [sb_employee_app1] [restartedMain] com.pranav.SbEmployeeApp1Application     : Started SbEmployeeApp1Application in 0.29 seconds (process running for 60500.635)
2026-03-03T09:55:13.098+05:30  INFO 19792 --- [sb_employee_app1] [restartedMain] com.pranav.SbEmployeeApp1Application     : Starting SbEmployeeApp1Application using Java 22.0.1 with PID 19792 (D:\Pratiti_internship\Spring\sb_employee_app1\target\classes started by HP in D:\Pratiti_internship\Spring\sb_employee_app1)
2026-03-03T09:55:13.099+05:30 DEBUG 19792 --- [sb_employee_app1] [restartedMain] com.pranav.SbEmployeeApp1Application     : Running with Spring Boot v4.0.3, Spring v7.0.5
2026-03-03T09:55:13.099+05:30  INFO 19792 --- [sb_employee_app1] [restartedMain] com.pranav.SbEmployeeApp1Application     : No active profile set, falling back to 1 default profile: "default"
2026-03-03T09:55:13.598+05:30  INFO 19792 --- [sb_employee_app1] [restartedMain] com.pranav.SbEmployeeApp1Application     : Started SbEmployeeApp1Application in 0.516 seconds (process running for 60554.62)
2026-03-03T09:58:07.467+05:30  INFO 19792 --- [sb_employee_app1] [restartedMain] com.pranav.SbEmployeeApp1Application     : Starting SbEmployeeApp1Application using Java 22.0.1 with PID 19792 (D:\Pratiti_internship\Spring\sb_employee_app1\target\classes started by HP in D:\Pratiti_internship\Spring\sb_employee_app1)
2026-03-03T09:58:07.468+05:30 DEBUG 19792 --- [sb_employee_app1] [restartedMain] com.pranav.SbEmployeeApp1Application     : Running with Spring Boot v4.0.3, Spring v7.0.5
2026-03-03T09:58:07.469+05:30  INFO 19792 --- [sb_employee_app1] [restartedMain] com.pranav.SbEmployeeApp1Application     : No active profile set, falling back to 1 default profile: "default"
2026-03-03T09:58:07.860+05:30  INFO 19792 --- [sb_employee_app1] [restartedMain] com.pranav.SbEmployeeApp1Application     : Started SbEmployeeApp1Application in 0.411 seconds (process running for 60728.883)
2026-03-03T10:00:32.063+05:30  INFO 19792 --- [sb_employee_app1] [restartedMain] com.pranav.SbEmployeeApp1Application     : Starting SbEmployeeApp1Application using Java 22.0.1 with PID 19792 (D:\Pratiti_internship\Spring\sb_employee_app1\target\classes started by HP in D:\Pratiti_internship\Spring\sb_employee_app1)
2026-03-03T10:00:32.063+05:30 DEBUG 19792 --- [sb_employee_app1] [restartedMain] com.pranav.SbEmployeeApp1Application     : Running with Spring Boot v4.0.3, Spring v7.0.5
2026-03-03T10:00:32.063+05:30  INFO 19792 --- [sb_employee_app1] [restartedMain] com.pranav.SbEmployeeApp1Application     : No active profile set, falling back to 1 default profile: "default"
2026-03-03T10:00:32.476+05:30  INFO 19792 --- [sb_employee_app1] [restartedMain] com.pranav.SbEmployeeApp1Application     : Started SbEmployeeApp1Application in 0.435 seconds (process running for 60873.499)
2026-03-03T10:01:20.732+05:30  INFO 19792 --- [sb_employee_app1] [restartedMain] com.pranav.SbEmployeeApp1Application     : Starting SbEmployeeApp1Application using Java 22.0.1 with PID 19792 (D:\Pratiti_internship\Spring\sb_employee_app1\target\classes started by HP in D:\Pratiti_internship\Spring\sb_employee_app1)
2026-03-03T10:01:20.732+05:30 DEBUG 19792 --- [sb_employee_app1] [restartedMain] com.pranav.SbEmployeeApp1Application     : Running with Spring Boot v4.0.3, Spring v7.0.5
2026-03-03T10:01:20.732+05:30  INFO 19792 --- [sb_employee_app1] [restartedMain] com.pranav.SbEmployeeApp1Application     : No active profile set, falling back to 1 default profile: "default"
2026-03-03T10:01:21.003+05:30  INFO 19792 --- [sb_employee_app1] [restartedMain] com.pranav.SbEmployeeApp1Application     : Started SbEmployeeApp1Application in 0.285 seconds (process running for 60922.026)
2026-03-03T10:02:56.077+05:30  INFO 19792 --- [sb_employee_app1] [restartedMain] com.pranav.SbEmployeeApp1Application     : Starting SbEmployeeApp1Application using Java 22.0.1 with PID 19792 (D:\Pratiti_internship\Spring\sb_employee_app1\target\classes started by HP in D:\Pratiti_internship\Spring\sb_employee_app1)
2026-03-03T10:02:56.078+05:30 DEBUG 19792 --- [sb_employee_app1] [restartedMain] com.pranav.SbEmployeeApp1Application     : Running with Spring Boot v4.0.3, Spring v7.0.5
2026-03-03T10:02:56.078+05:30  INFO 19792 --- [sb_employee_app1] [restartedMain] com.pranav.SbEmployeeApp1Application     : No active profile set, falling back to 1 default profile: "default"
2026-03-03T10:02:56.452+05:30  INFO 19792 --- [sb_employee_app1] [restartedMain] com.pranav.SbEmployeeApp1Application     : Started SbEmployeeApp1Application in 0.388 seconds (process running for 61017.475)
2026-03-03T10:02:59.044+05:30  INFO 19792 --- [sb_employee_app1] [restartedMain] com.pranav.SbEmployeeApp1Application     : Starting SbEmployeeApp1Application using Java 22.0.1 with PID 19792 (D:\Pratiti_internship\Spring\sb_employee_app1\target\classes started by HP in D:\Pratiti_internship\Spring\sb_employee_app1)
2026-03-03T10:02:59.044+05:30 DEBUG 19792 --- [sb_employee_app1] [restartedMain] com.pranav.SbEmployeeApp1Application     : Running with Spring Boot v4.0.3, Spring v7.0.5
2026-03-03T10:02:59.045+05:30  INFO 19792 --- [sb_employee_app1] [restartedMain] com.pranav.SbEmployeeApp1Application     : No active profile set, falling back to 1 default profile: "default"
2026-03-03T10:02:59.317+05:30  INFO 19792 --- [sb_employee_app1] [restartedMain] com.pranav.SbEmployeeApp1Application     : Started SbEmployeeApp1Application in 0.284 seconds (process running for 61020.34)
2026-03-03T10:03:02.904+05:30  INFO 19792 --- [sb_employee_app1] [restartedMain] com.pranav.SbEmployeeApp1Application     : Starting SbEmployeeApp1Application using Java 22.0.1 with PID 19792 (D:\Pratiti_internship\Spring\sb_employee_app1\target\classes started by HP in D:\Pratiti_internship\Spring\sb_employee_app1)
2026-03-03T10:03:02.905+05:30 DEBUG 19792 --- [sb_employee_app1] [restartedMain] com.pranav.SbEmployeeApp1Application     : Running with Spring Boot v4.0.3, Spring v7.0.5
2026-03-03T10:03:02.905+05:30  INFO 19792 --- [sb_employee_app1] [restartedMain] com.pranav.SbEmployeeApp1Application     : No active profile set, falling back to 1 default profile: "default"
2026-03-03T10:03:03.177+05:30  INFO 19792 --- [sb_employee_app1] [restartedMain] com.pranav.SbEmployeeApp1Application     : Started SbEmployeeApp1Application in 0.285 seconds (process running for 61024.199)
2026-03-03T10:03:07.796+05:30  INFO 19792 --- [sb_employee_app1] [restartedMain] com.pranav.SbEmployeeApp1Application     : Starting SbEmployeeApp1Application using Java 22.0.1 with PID 19792 (D:\Pratiti_internship\Spring\sb_employee_app1\target\classes started by HP in D:\Pratiti_internship\Spring\sb_employee_app1)
2026-03-03T10:03:07.796+05:30 DEBUG 19792 --- [sb_employee_app1] [restartedMain] com.pranav.SbEmployeeApp1Application     : Running with Spring Boot v4.0.3, Spring v7.0.5
2026-03-03T10:03:07.796+05:30  INFO 19792 --- [sb_employee_app1] [restartedMain] com.pranav.SbEmployeeApp1Application     : No active profile set, falling back to 1 default profile: "default"
2026-03-03T10:03:08.076+05:30  INFO 19792 --- [sb_employee_app1] [restartedMain] com.pranav.SbEmployeeApp1Application     : Started SbEmployeeApp1Application in 0.293 seconds (process running for 61029.099)
2026-03-03T10:03:28.927+05:30  INFO 19792 --- [sb_employee_app1] [restartedMain] com.pranav.SbEmployeeApp1Application     : Starting SbEmployeeApp1Application using Java 22.0.1 with PID 19792 (D:\Pratiti_internship\Spring\sb_employee_app1\target\classes started by HP in D:\Pratiti_internship\Spring\sb_employee_app1)
2026-03-03T10:03:28.927+05:30 DEBUG 19792 --- [sb_employee_app1] [restartedMain] com.pranav.SbEmployeeApp1Application     : Running with Spring Boot v4.0.3, Spring v7.0.5
2026-03-03T10:03:28.927+05:30  INFO 19792 --- [sb_employee_app1] [restartedMain] com.pranav.SbEmployeeApp1Application     : No active profile set, falling back to 1 default profile: "default"
2026-03-03T10:03:29.217+05:30  INFO 19792 --- [sb_employee_app1] [restartedMain] com.pranav.SbEmployeeApp1Application     : Started SbEmployeeApp1Application in 0.303 seconds (process running for 61050.24)
2026-03-03T10:05:00.262+05:30  INFO 19792 --- [sb_employee_app1] [restartedMain] com.pranav.SbEmployeeApp1Application     : Starting SbEmployeeApp1Application using Java 22.0.1 with PID 19792 (D:\Pratiti_internship\Spring\sb_employee_app1\target\classes started by HP in D:\Pratiti_internship\Spring\sb_employee_app1)
2026-03-03T10:05:00.263+05:30 DEBUG 19792 --- [sb_employee_app1] [restartedMain] com.pranav.SbEmployeeApp1Application     : Running with Spring Boot v4.0.3, Spring v7.0.5
2026-03-03T10:05:00.263+05:30  INFO 19792 --- [sb_employee_app1] [restartedMain] com.pranav.SbEmployeeApp1Application     : No active profile set, falling back to 1 default profile: "default"
2026-03-03T10:05:00.614+05:30  INFO 19792 --- [sb_employee_app1] [restartedMain] com.pranav.SbEmployeeApp1Application     : Started SbEmployeeApp1Application in 0.367 seconds (process running for 61141.637)
2026-03-03T10:05:23.498+05:30  INFO 19792 --- [sb_employee_app1] [restartedMain] com.pranav.SbEmployeeApp1Application     : Starting SbEmployeeApp1Application using Java 22.0.1 with PID 19792 (D:\Pratiti_internship\Spring\sb_employee_app1\target\classes started by HP in D:\Pratiti_internship\Spring\sb_employee_app1)
2026-03-03T10:05:23.498+05:30 DEBUG 19792 --- [sb_employee_app1] [restartedMain] com.pranav.SbEmployeeApp1Application     : Running with Spring Boot v4.0.3, Spring v7.0.5
2026-03-03T10:05:23.499+05:30  INFO 19792 --- [sb_employee_app1] [restartedMain] com.pranav.SbEmployeeApp1Application     : No active profile set, falling back to 1 default profile: "default"
2026-03-03T10:05:23.799+05:30  INFO 19792 --- [sb_employee_app1] [restartedMain] com.pranav.SbEmployeeApp1Application     : Started SbEmployeeApp1Application in 0.314 seconds (process running for 61164.822)
2026-03-03T10:05:54.792+05:30  INFO 19792 --- [sb_employee_app1] [restartedMain] com.pranav.SbEmployeeApp1Application     : Starting SbEmployeeApp1Application using Java 22.0.1 with PID 19792 (D:\Pratiti_internship\Spring\sb_employee_app1\target\classes started by HP in D:\Pratiti_internship\Spring\sb_employee_app1)
2026-03-03T10:05:54.792+05:30 DEBUG 19792 --- [sb_employee_app1] [restartedMain] com.pranav.SbEmployeeApp1Application     : Running with Spring Boot v4.0.3, Spring v7.0.5
2026-03-03T10:05:54.792+05:30  INFO 19792 --- [sb_employee_app1] [restartedMain] com.pranav.SbEmployeeApp1Application     : No active profile set, falling back to 1 default profile: "default"
2026-03-03T10:05:55.075+05:30  INFO 19792 --- [sb_employee_app1] [restartedMain] com.pranav.SbEmployeeApp1Application     : Started SbEmployeeApp1Application in 0.296 seconds (process running for 61196.097)
2026-03-03T10:06:09.863+05:30  INFO 19792 --- [sb_employee_app1] [restartedMain] com.pranav.SbEmployeeApp1Application     : Starting SbEmployeeApp1Application using Java 22.0.1 with PID 19792 (D:\Pratiti_internship\Spring\sb_employee_app1\target\classes started by HP in D:\Pratiti_internship\Spring\sb_employee_app1)
2026-03-03T10:06:09.863+05:30 DEBUG 19792 --- [sb_employee_app1] [restartedMain] com.pranav.SbEmployeeApp1Application     : Running with Spring Boot v4.0.3, Spring v7.0.5
2026-03-03T10:06:09.863+05:30  INFO 19792 --- [sb_employee_app1] [restartedMain] com.pranav.SbEmployeeApp1Application     : No active profile set, falling back to 1 default profile: "default"
2026-03-03T10:06:10.133+05:30  INFO 19792 --- [sb_employee_app1] [restartedMain] com.pranav.SbEmployeeApp1Application     : Started SbEmployeeApp1Application in 0.284 seconds (process running for 61211.156)
2026-03-03T10:06:51.475+05:30  INFO 19792 --- [sb_employee_app1] [restartedMain] com.pranav.SbEmployeeApp1Application     : Starting SbEmployeeApp1Application using Java 22.0.1 with PID 19792 (D:\Pratiti_internship\Spring\sb_employee_app1\target\classes started by HP in D:\Pratiti_internship\Spring\sb_employee_app1)
2026-03-03T10:06:51.476+05:30 DEBUG 19792 --- [sb_employee_app1] [restartedMain] com.pranav.SbEmployeeApp1Application     : Running with Spring Boot v4.0.3, Spring v7.0.5
2026-03-03T10:06:51.476+05:30  INFO 19792 --- [sb_employee_app1] [restartedMain] com.pranav.SbEmployeeApp1Application     : No active profile set, falling back to 1 default profile: "default"
2026-03-03T10:06:51.778+05:30  INFO 19792 --- [sb_employee_app1] [restartedMain] com.pranav.SbEmployeeApp1Application     : Started SbEmployeeApp1Application in 0.314 seconds (process running for 61252.801)
2026-03-03T10:06:54.351+05:30  INFO 19792 --- [sb_employee_app1] [restartedMain] com.pranav.SbEmployeeApp1Application     : Starting SbEmployeeApp1Application using Java 22.0.1 with PID 19792 (D:\Pratiti_internship\Spring\sb_employee_app1\target\classes started by HP in D:\Pratiti_internship\Spring\sb_employee_app1)
2026-03-03T10:06:54.351+05:30 DEBUG 19792 --- [sb_employee_app1] [restartedMain] com.pranav.SbEmployeeApp1Application     : Running with Spring Boot v4.0.3, Spring v7.0.5
2026-03-03T10:06:54.351+05:30  INFO 19792 --- [sb_employee_app1] [restartedMain] com.pranav.SbEmployeeApp1Application     : No active profile set, falling back to 1 default profile: "default"
2026-03-03T10:06:54.631+05:30  INFO 19792 --- [sb_employee_app1] [restartedMain] com.pranav.SbEmployeeApp1Application     : Started SbEmployeeApp1Application in 0.293 seconds (process running for 61255.655)
2026-03-03T10:06:59.293+05:30  INFO 19792 --- [sb_employee_app1] [restartedMain] com.pranav.SbEmployeeApp1Application     : Starting SbEmployeeApp1Application using Java 22.0.1 with PID 19792 (D:\Pratiti_internship\Spring\sb_employee_app1\target\classes started by HP in D:\Pratiti_internship\Spring\sb_employee_app1)
2026-03-03T10:06:59.293+05:30 DEBUG 19792 --- [sb_employee_app1] [restartedMain] com.pranav.SbEmployeeApp1Application     : Running with Spring Boot v4.0.3, Spring v7.0.5
2026-03-03T10:06:59.293+05:30  INFO 19792 --- [sb_employee_app1] [restartedMain] com.pranav.SbEmployeeApp1Application     : No active profile set, falling back to 1 default profile: "default"
2026-03-03T10:06:59.597+05:30  INFO 19792 --- [sb_employee_app1] [restartedMain] com.pranav.SbEmployeeApp1Application     : Started SbEmployeeApp1Application in 0.316 seconds (process running for 61260.62)
2026-03-03T10:07:04.226+05:30  INFO 19792 --- [sb_employee_app1] [restartedMain] com.pranav.SbEmployeeApp1Application     : Starting SbEmployeeApp1Application using Java 22.0.1 with PID 19792 (D:\Pratiti_internship\Spring\sb_employee_app1\target\classes started by HP in D:\Pratiti_internship\Spring\sb_employee_app1)
2026-03-03T10:07:04.226+05:30 DEBUG 19792 --- [sb_employee_app1] [restartedMain] com.pranav.SbEmployeeApp1Application     : Running with Spring Boot v4.0.3, Spring v7.0.5
2026-03-03T10:07:04.226+05:30  INFO 19792 --- [sb_employee_app1] [restartedMain] com.pranav.SbEmployeeApp1Application     : No active profile set, falling back to 1 default profile: "default"
2026-03-03T10:07:04.507+05:30  INFO 19792 --- [sb_employee_app1] [restartedMain] com.pranav.SbEmployeeApp1Application     : Started SbEmployeeApp1Application in 0.292 seconds (process running for 61265.53)
2026-03-03T10:07:34.044+05:30 ERROR 19792 --- [sb_employee_app1] [http-nio-1222-exec-1] com.pranav.rest.api.EmployeeApi          : Employees Not Found
